2023-05-17T20:46:08.018+02:00  INFO 17956 --- [restartedMain] com.dhmusic.DHMusic.DhMusicApplication   : Starting DhMusicApplication using Java 19.0.2 with PID 17956 (C:\DevelHope\progetto team develhope\DHMusic\target\classes started by Sal in C:\DevelHope\progetto team develhope\DHMusic)
2023-05-17T20:46:08.061+02:00  INFO 17956 --- [restartedMain] com.dhmusic.DHMusic.DhMusicApplication   : No active profile set, falling back to 1 default profile: "default"
2023-05-17T20:46:08.263+02:00  INFO 17956 --- [restartedMain] .e.DevToolsPropertyDefaultsPostProcessor : Devtools property defaults active! Set 'spring.devtools.add-properties' to 'false' to disable
2023-05-17T20:46:08.264+02:00  INFO 17956 --- [restartedMain] .e.DevToolsPropertyDefaultsPostProcessor : For additional web related logging consider setting the 'logging.level.web' property to 'DEBUG'
2023-05-17T20:46:14.448+02:00  INFO 17956 --- [restartedMain] .s.d.r.c.RepositoryConfigurationDelegate : Bootstrapping Spring Data JPA repositories in DEFAULT mode.
2023-05-17T20:46:14.737+02:00  INFO 17956 --- [restartedMain] .s.d.r.c.RepositoryConfigurationDelegate : Finished Spring Data repository scanning in 265 ms. Found 5 JPA repository interfaces.
2023-05-17T20:46:18.060+02:00  INFO 17956 --- [restartedMain] o.s.b.w.embedded.tomcat.TomcatWebServer  : Tomcat initialized with port(s): 8080 (http)
2023-05-17T20:46:18.095+02:00  INFO 17956 --- [restartedMain] o.apache.catalina.core.StandardService   : Starting service [Tomcat]
2023-05-17T20:46:18.096+02:00  INFO 17956 --- [restartedMain] o.apache.catalina.core.StandardEngine    : Starting Servlet engine: [Apache Tomcat/10.1.5]
2023-05-17T20:46:18.227+02:00  INFO 17956 --- [restartedMain] o.a.c.c.C.[Tomcat].[localhost].[/]       : Initializing Spring embedded WebApplicationContext
2023-05-17T20:46:18.228+02:00  INFO 17956 --- [restartedMain] w.s.c.ServletWebServerApplicationContext : Root WebApplicationContext: initialization completed in 9935 ms
2023-05-17T20:46:18.894+02:00  INFO 17956 --- [restartedMain] o.hibernate.jpa.internal.util.LogHelper  : HHH000204: Processing PersistenceUnitInfo [name: default]
2023-05-17T20:46:18.996+02:00  INFO 17956 --- [restartedMain] org.hibernate.Version                    : HHH000412: Hibernate ORM core version 6.1.7.Final
2023-05-17T20:46:19.646+02:00  INFO 17956 --- [restartedMain] com.zaxxer.hikari.HikariDataSource       : HikariPool-1 - Starting...
2023-05-17T20:46:21.825+02:00  INFO 17956 --- [restartedMain] com.zaxxer.hikari.pool.HikariPool        : HikariPool-1 - Added connection com.mysql.cj.jdbc.ConnectionImpl@6aafae
2023-05-17T20:46:21.828+02:00  INFO 17956 --- [restartedMain] com.zaxxer.hikari.HikariDataSource       : HikariPool-1 - Start completed.
2023-05-17T20:46:22.173+02:00  INFO 17956 --- [restartedMain] SQL dialect                              : HHH000400: Using dialect: org.hibernate.dialect.MySQLDialect
2023-05-17T20:46:26.669+02:00  INFO 17956 --- [restartedMain] o.h.e.t.j.p.i.JtaPlatformInitiator       : HHH000490: Using JtaPlatform implementation: [org.hibernate.engine.transaction.jta.platform.internal.NoJtaPlatform]
2023-05-17T20:46:26.717+02:00  INFO 17956 --- [restartedMain] j.LocalContainerEntityManagerFactoryBean : Initialized JPA EntityManagerFactory for persistence unit 'default'
2023-05-17T20:46:30.068+02:00  WARN 17956 --- [restartedMain] JpaBaseConfiguration$JpaWebConfiguration : spring.jpa.open-in-view is enabled by default. Therefore, database queries may be performed during view rendering. Explicitly configure spring.jpa.open-in-view to disable this warning
2023-05-17T20:46:31.133+02:00  INFO 17956 --- [restartedMain] o.s.s.web.DefaultSecurityFilterChain     : Will secure any request with [org.springframework.security.web.session.DisableEncodeUrlFilter@1e859053, org.springframework.security.web.context.request.async.WebAsyncManagerIntegrationFilter@7d658923, org.springframework.security.web.context.SecurityContextHolderFilter@43aca68d, org.springframework.security.web.header.HeaderWriterFilter@18c8bc6, org.springframework.security.web.authentication.logout.LogoutFilter@4d545405, com.dhmusic.DHMusic.security.Config.PermitJwtTokenFilter@688f60a5, org.springframework.security.web.authentication.www.BasicAuthenticationFilter@110e41a9, org.springframework.security.web.savedrequest.RequestCacheAwareFilter@35633264, org.springframework.security.web.servletapi.SecurityContextHolderAwareRequestFilter@7935bbe7, org.springframework.security.web.authentication.AnonymousAuthenticationFilter@58b8f3f4, org.springframework.security.web.session.SessionManagementFilter@46384aca, org.springframework.security.web.access.ExceptionTranslationFilter@12836fca, org.springframework.security.web.access.intercept.AuthorizationFilter@727a89c9]
2023-05-17T20:46:31.685+02:00  INFO 17956 --- [restartedMain] o.s.b.d.a.OptionalLiveReloadServer       : LiveReload server is running on port 35729
2023-05-17T20:46:31.752+02:00  INFO 17956 --- [restartedMain] o.s.b.w.embedded.tomcat.TomcatWebServer  : Tomcat started on port(s): 8080 (http) with context path ''
2023-05-17T20:46:31.771+02:00  INFO 17956 --- [restartedMain] com.dhmusic.DHMusic.DhMusicApplication   : Started DhMusicApplication in 25.354 seconds (process running for 30.586)
2023-05-17T20:48:07.601+02:00  INFO 17956 --- [http-nio-8080-exec-1] o.a.c.c.C.[Tomcat].[localhost].[/]       : Initializing Spring DispatcherServlet 'dispatcherServlet'
2023-05-17T20:48:07.602+02:00  INFO 17956 --- [http-nio-8080-exec-1] o.s.web.servlet.DispatcherServlet        : Initializing Servlet 'dispatcherServlet'
2023-05-17T20:48:07.604+02:00  INFO 17956 --- [http-nio-8080-exec-1] o.s.web.servlet.DispatcherServlet        : Completed initialization in 2 ms
2023-05-17T20:48:08.023+02:00  INFO 17956 --- [http-nio-8080-exec-1] c.d.D.Components.services.UserService    : the verification code has been generated
2023-05-17T20:51:40.689+02:00  INFO 17956 --- [SpringApplicationShutdownHook] j.LocalContainerEntityManagerFactoryBean : Closing JPA EntityManagerFactory for persistence unit 'default'
2023-05-17T20:51:40.695+02:00  INFO 17956 --- [SpringApplicationShutdownHook] com.zaxxer.hikari.HikariDataSource       : HikariPool-1 - Shutdown initiated...
2023-05-17T20:51:40.705+02:00  INFO 17956 --- [SpringApplicationShutdownHook] com.zaxxer.hikari.HikariDataSource       : HikariPool-1 - Shutdown completed.
2023-05-17T20:51:48.184+02:00  INFO 10920 --- [restartedMain] com.dhmusic.DHMusic.DhMusicApplication   : Starting DhMusicApplication using Java 19.0.2 with PID 10920 (C:\DevelHope\progetto team develhope\DHMusic\target\classes started by Sal in C:\DevelHope\progetto team develhope\DHMusic)
2023-05-17T20:51:48.189+02:00  INFO 10920 --- [restartedMain] com.dhmusic.DHMusic.DhMusicApplication   : No active profile set, falling back to 1 default profile: "default"
2023-05-17T20:51:48.344+02:00  INFO 10920 --- [restartedMain] .e.DevToolsPropertyDefaultsPostProcessor : Devtools property defaults active! Set 'spring.devtools.add-properties' to 'false' to disable
2023-05-17T20:51:48.344+02:00  INFO 10920 --- [restartedMain] .e.DevToolsPropertyDefaultsPostProcessor : For additional web related logging consider setting the 'logging.level.web' property to 'DEBUG'
2023-05-17T20:51:49.965+02:00  INFO 10920 --- [restartedMain] .s.d.r.c.RepositoryConfigurationDelegate : Bootstrapping Spring Data JPA repositories in DEFAULT mode.
2023-05-17T20:51:50.139+02:00  INFO 10920 --- [restartedMain] .s.d.r.c.RepositoryConfigurationDelegate : Finished Spring Data repository scanning in 161 ms. Found 5 JPA repository interfaces.
2023-05-17T20:51:52.470+02:00  INFO 10920 --- [restartedMain] o.s.b.w.embedded.tomcat.TomcatWebServer  : Tomcat initialized with port(s): 8080 (http)
2023-05-17T20:51:52.488+02:00  INFO 10920 --- [restartedMain] o.apache.catalina.core.StandardService   : Starting service [Tomcat]
2023-05-17T20:51:52.490+02:00  INFO 10920 --- [restartedMain] o.apache.catalina.core.StandardEngine    : Starting Servlet engine: [Apache Tomcat/10.1.5]
2023-05-17T20:51:52.622+02:00  INFO 10920 --- [restartedMain] o.a.c.c.C.[Tomcat].[localhost].[/]       : Initializing Spring embedded WebApplicationContext
2023-05-17T20:51:52.625+02:00  INFO 10920 --- [restartedMain] w.s.c.ServletWebServerApplicationContext : Root WebApplicationContext: initialization completed in 4280 ms
2023-05-17T20:51:53.110+02:00  INFO 10920 --- [restartedMain] o.hibernate.jpa.internal.util.LogHelper  : HHH000204: Processing PersistenceUnitInfo [name: default]
2023-05-17T20:51:53.219+02:00  INFO 10920 --- [restartedMain] org.hibernate.Version                    : HHH000412: Hibernate ORM core version 6.1.7.Final
2023-05-17T20:51:53.753+02:00  INFO 10920 --- [restartedMain] com.zaxxer.hikari.HikariDataSource       : HikariPool-1 - Starting...
2023-05-17T20:51:54.326+02:00  INFO 10920 --- [restartedMain] com.zaxxer.hikari.pool.HikariPool        : HikariPool-1 - Added connection com.mysql.cj.jdbc.ConnectionImpl@78f4ba06
2023-05-17T20:51:54.330+02:00  INFO 10920 --- [restartedMain] com.zaxxer.hikari.HikariDataSource       : HikariPool-1 - Start completed.
2023-05-17T20:51:54.429+02:00  INFO 10920 --- [restartedMain] SQL dialect                              : HHH000400: Using dialect: org.hibernate.dialect.MySQLDialect
2023-05-17T20:51:56.442+02:00  INFO 10920 --- [restartedMain] o.h.e.t.j.p.i.JtaPlatformInitiator       : HHH000490: Using JtaPlatform implementation: [org.hibernate.engine.transaction.jta.platform.internal.NoJtaPlatform]
2023-05-17T20:51:56.455+02:00  INFO 10920 --- [restartedMain] j.LocalContainerEntityManagerFactoryBean : Initialized JPA EntityManagerFactory for persistence unit 'default'
2023-05-17T20:51:58.618+02:00  WARN 10920 --- [restartedMain] JpaBaseConfiguration$JpaWebConfiguration : spring.jpa.open-in-view is enabled by default. Therefore, database queries may be performed during view rendering. Explicitly configure spring.jpa.open-in-view to disable this warning
2023-05-17T20:51:59.535+02:00  INFO 10920 --- [restartedMain] o.s.s.web.DefaultSecurityFilterChain     : Will secure any request with [org.springframework.security.web.session.DisableEncodeUrlFilter@108a797e, org.springframework.security.web.context.request.async.WebAsyncManagerIntegrationFilter@1927ad66, org.springframework.security.web.context.SecurityContextHolderFilter@705ca8a6, org.springframework.security.web.header.HeaderWriterFilter@c010649, org.springframework.security.web.authentication.logout.LogoutFilter@24c6fcd9, com.dhmusic.DHMusic.security.Config.PermitJwtTokenFilter@5561ba86, org.springframework.security.web.authentication.www.BasicAuthenticationFilter@14f3baeb, org.springframework.security.web.savedrequest.RequestCacheAwareFilter@45eb23d8, org.springframework.security.web.servletapi.SecurityContextHolderAwareRequestFilter@7907c33c, org.springframework.security.web.authentication.AnonymousAuthenticationFilter@6b4e9823, org.springframework.security.web.session.SessionManagementFilter@2abdea7, org.springframework.security.web.access.ExceptionTranslationFilter@2d74e606, org.springframework.security.web.access.intercept.AuthorizationFilter@24cc94c7]
2023-05-17T20:51:59.996+02:00  INFO 10920 --- [restartedMain] o.s.b.d.a.OptionalLiveReloadServer       : LiveReload server is running on port 35729
2023-05-17T20:52:00.061+02:00  INFO 10920 --- [restartedMain] o.s.b.w.embedded.tomcat.TomcatWebServer  : Tomcat started on port(s): 8080 (http) with context path ''
2023-05-17T20:52:00.094+02:00  INFO 10920 --- [restartedMain] com.dhmusic.DHMusic.DhMusicApplication   : Started DhMusicApplication in 13.074 seconds (process running for 14.219)
2023-05-17T20:52:26.541+02:00  INFO 10920 --- [http-nio-8080-exec-1] o.a.c.c.C.[Tomcat].[localhost].[/]       : Initializing Spring DispatcherServlet 'dispatcherServlet'
2023-05-17T20:52:26.542+02:00  INFO 10920 --- [http-nio-8080-exec-1] o.s.web.servlet.DispatcherServlet        : Initializing Servlet 'dispatcherServlet'
2023-05-17T20:52:26.625+02:00  INFO 10920 --- [http-nio-8080-exec-1] o.s.web.servlet.DispatcherServlet        : Completed initialization in 1 ms
2023-05-17T20:52:27.330+02:00  INFO 10920 --- [http-nio-8080-exec-1] c.d.D.Components.services.UserService    : The account has been authenticated
2023-05-17T21:00:10.290+02:00  INFO 10920 --- [http-nio-8080-exec-4] c.d.D.Components.services.ArtistService  : artist creation
2023-05-17T21:00:10.290+02:00  INFO 10920 --- [http-nio-8080-exec-4] c.d.D.C.C.a.c.ArtistController           : a new artist was created
2023-05-17T21:01:27.133+02:00  INFO 10920 --- [http-nio-8080-exec-7] c.d.D.Components.services.ArtistService  : The artists were seen
2023-05-17T21:01:27.151+02:00  INFO 10920 --- [http-nio-8080-exec-7] c.d.D.C.C.a.c.ArtistController           : the artists were seen
2023-05-17T21:02:10.355+02:00  INFO 10920 --- [SpringApplicationShutdownHook] j.LocalContainerEntityManagerFactoryBean : Closing JPA EntityManagerFactory for persistence unit 'default'
2023-05-17T21:02:10.361+02:00  INFO 10920 --- [SpringApplicationShutdownHook] com.zaxxer.hikari.HikariDataSource       : HikariPool-1 - Shutdown initiated...
2023-05-17T21:02:10.383+02:00  INFO 10920 --- [SpringApplicationShutdownHook] com.zaxxer.hikari.HikariDataSource       : HikariPool-1 - Shutdown completed.
2023-05-17T21:02:17.774+02:00  INFO 13648 --- [restartedMain] com.dhmusic.DHMusic.DhMusicApplication   : Starting DhMusicApplication using Java 19.0.2 with PID 13648 (C:\DevelHope\progetto team develhope\DHMusic\target\classes started by Sal in C:\DevelHope\progetto team develhope\DHMusic)
2023-05-17T21:02:17.784+02:00  INFO 13648 --- [restartedMain] com.dhmusic.DHMusic.DhMusicApplication   : No active profile set, falling back to 1 default profile: "default"
2023-05-17T21:02:17.923+02:00  INFO 13648 --- [restartedMain] .e.DevToolsPropertyDefaultsPostProcessor : Devtools property defaults active! Set 'spring.devtools.add-properties' to 'false' to disable
2023-05-17T21:02:17.924+02:00  INFO 13648 --- [restartedMain] .e.DevToolsPropertyDefaultsPostProcessor : For additional web related logging consider setting the 'logging.level.web' property to 'DEBUG'
2023-05-17T21:02:19.483+02:00  INFO 13648 --- [restartedMain] .s.d.r.c.RepositoryConfigurationDelegate : Bootstrapping Spring Data JPA repositories in DEFAULT mode.
2023-05-17T21:02:19.637+02:00  INFO 13648 --- [restartedMain] .s.d.r.c.RepositoryConfigurationDelegate : Finished Spring Data repository scanning in 139 ms. Found 5 JPA repository interfaces.
2023-05-17T21:02:22.429+02:00  INFO 13648 --- [restartedMain] o.s.b.w.embedded.tomcat.TomcatWebServer  : Tomcat initialized with port(s): 8080 (http)
2023-05-17T21:02:22.454+02:00  INFO 13648 --- [restartedMain] o.apache.catalina.core.StandardService   : Starting service [Tomcat]
2023-05-17T21:02:22.455+02:00  INFO 13648 --- [restartedMain] o.apache.catalina.core.StandardEngine    : Starting Servlet engine: [Apache Tomcat/10.1.5]
2023-05-17T21:02:22.593+02:00  INFO 13648 --- [restartedMain] o.a.c.c.C.[Tomcat].[localhost].[/]       : Initializing Spring embedded WebApplicationContext
2023-05-17T21:02:22.594+02:00  INFO 13648 --- [restartedMain] w.s.c.ServletWebServerApplicationContext : Root WebApplicationContext: initialization completed in 4669 ms
2023-05-17T21:02:23.095+02:00  INFO 13648 --- [restartedMain] o.hibernate.jpa.internal.util.LogHelper  : HHH000204: Processing PersistenceUnitInfo [name: default]
2023-05-17T21:02:23.279+02:00  INFO 13648 --- [restartedMain] org.hibernate.Version                    : HHH000412: Hibernate ORM core version 6.1.7.Final
2023-05-17T21:02:23.792+02:00  INFO 13648 --- [restartedMain] com.zaxxer.hikari.HikariDataSource       : HikariPool-1 - Starting...
2023-05-17T21:02:24.670+02:00  INFO 13648 --- [restartedMain] com.zaxxer.hikari.pool.HikariPool        : HikariPool-1 - Added connection com.mysql.cj.jdbc.ConnectionImpl@50de3373
2023-05-17T21:02:24.673+02:00  INFO 13648 --- [restartedMain] com.zaxxer.hikari.HikariDataSource       : HikariPool-1 - Start completed.
2023-05-17T21:02:24.787+02:00  INFO 13648 --- [restartedMain] SQL dialect                              : HHH000400: Using dialect: org.hibernate.dialect.MySQLDialect
2023-05-17T21:02:27.588+02:00  INFO 13648 --- [restartedMain] o.h.e.t.j.p.i.JtaPlatformInitiator       : HHH000490: Using JtaPlatform implementation: [org.hibernate.engine.transaction.jta.platform.internal.NoJtaPlatform]
2023-05-17T21:02:27.602+02:00  INFO 13648 --- [restartedMain] j.LocalContainerEntityManagerFactoryBean : Initialized JPA EntityManagerFactory for persistence unit 'default'
2023-05-17T21:02:29.474+02:00  WARN 13648 --- [restartedMain] JpaBaseConfiguration$JpaWebConfiguration : spring.jpa.open-in-view is enabled by default. Therefore, database queries may be performed during view rendering. Explicitly configure spring.jpa.open-in-view to disable this warning
2023-05-17T21:02:30.230+02:00  INFO 13648 --- [restartedMain] o.s.s.web.DefaultSecurityFilterChain     : Will secure any request with [org.springframework.security.web.session.DisableEncodeUrlFilter@60af1218, org.springframework.security.web.context.request.async.WebAsyncManagerIntegrationFilter@1a0b1623, org.springframework.security.web.context.SecurityContextHolderFilter@4b8d517d, org.springframework.security.web.header.HeaderWriterFilter@6a9175b8, org.springframework.security.web.authentication.logout.LogoutFilter@3036b58, com.dhmusic.DHMusic.security.Config.PermitJwtTokenFilter@6c387ddf, org.springframework.security.web.authentication.www.BasicAuthenticationFilter@16ed9678, org.springframework.security.web.savedrequest.RequestCacheAwareFilter@6d7e14ca, org.springframework.security.web.servletapi.SecurityContextHolderAwareRequestFilter@8088013, org.springframework.security.web.authentication.AnonymousAuthenticationFilter@1ec4c231, org.springframework.security.web.session.SessionManagementFilter@2fa34cb7, org.springframework.security.web.access.ExceptionTranslationFilter@3df50447, org.springframework.security.web.access.intercept.AuthorizationFilter@cbb8dec]
2023-05-17T21:02:30.981+02:00  INFO 13648 --- [restartedMain] o.s.b.d.a.OptionalLiveReloadServer       : LiveReload server is running on port 35729
2023-05-17T21:02:31.031+02:00  INFO 13648 --- [restartedMain] o.s.b.w.embedded.tomcat.TomcatWebServer  : Tomcat started on port(s): 8080 (http) with context path ''
2023-05-17T21:02:31.054+02:00  INFO 13648 --- [restartedMain] com.dhmusic.DHMusic.DhMusicApplication   : Started DhMusicApplication in 14.043 seconds (process running for 15.03)
2023-05-17T21:02:34.325+02:00  INFO 13648 --- [http-nio-8080-exec-2] o.a.c.c.C.[Tomcat].[localhost].[/]       : Initializing Spring DispatcherServlet 'dispatcherServlet'
2023-05-17T21:02:34.326+02:00  INFO 13648 --- [http-nio-8080-exec-2] o.s.web.servlet.DispatcherServlet        : Initializing Servlet 'dispatcherServlet'
2023-05-17T21:02:34.327+02:00  INFO 13648 --- [http-nio-8080-exec-2] o.s.web.servlet.DispatcherServlet        : Completed initialization in 1 ms
2023-05-17T21:02:35.107+02:00  INFO 13648 --- [http-nio-8080-exec-2] c.d.D.Components.services.ArtistService  : The artists were seen
2023-05-17T21:02:35.130+02:00  INFO 13648 --- [http-nio-8080-exec-2] c.d.D.C.C.a.c.ArtistController           : the artists were seen
2023-05-17T21:48:25.247+02:00  INFO 13648 --- [SpringApplicationShutdownHook] j.LocalContainerEntityManagerFactoryBean : Closing JPA EntityManagerFactory for persistence unit 'default'
2023-05-17T21:48:25.285+02:00  INFO 13648 --- [SpringApplicationShutdownHook] com.zaxxer.hikari.HikariDataSource       : HikariPool-1 - Shutdown initiated...
2023-05-17T21:48:25.298+02:00  INFO 13648 --- [SpringApplicationShutdownHook] com.zaxxer.hikari.HikariDataSource       : HikariPool-1 - Shutdown completed.
